[2025-05-28T12:09:19.322Z][info] SERVER_START: MongoDB connected and server started 
[2025-05-28T12:09:23.706Z][info] API_CALL: GET /api/messages 
[2025-05-28T12:09:23.710Z][info] API_CALL: GET /api/config/visible-fields 
[2025-05-28T12:09:25.659Z][info] API_CALL: GET /api/rules 
[2025-05-28T12:09:26.987Z][info] API_CALL: GET /api/messages/maybe 
[2025-05-28T12:09:28.117Z][info] API_CALL: GET /api/config/visible-fields 
[2025-05-28T12:09:28.118Z][info] API_CALL: GET /api/messages/fields 
[2025-05-28T12:09:30.002Z][info] API_CALL: GET /api/status 
[2025-05-28T12:09:36.353Z][info] API_CALL: GET /api/config/visible-fields 
[2025-05-28T12:09:37.899Z][info] API_CALL: GET /api/status 
[2025-05-28T12:09:47.922Z][info] API_CALL: GET /api/status 
[2025-05-28T12:09:57.944Z][info] API_CALL: GET /api/status 
[2025-05-28T12:11:10.278Z][info] API_CALL: GET /api/status 
[2025-05-28T12:11:11.254Z][info] API_CALL: GET /api/status 
[2025-05-28T12:11:12.944Z][info] API_CALL: GET /api/status 
[2025-05-28T12:11:15.445Z][info] API_CALL: GET /api/messages 
[2025-05-28T12:11:15.447Z][info] API_CALL: GET /api/config/visible-fields 
[2025-05-28T12:12:13.457Z][info] API_CALL: GET /api/messages 
[2025-05-28T12:12:13.459Z][info] API_CALL: GET /api/config/visible-fields 
[2025-05-28T12:12:14.941Z][info] API_CALL: GET /api/messages/maybe 
[2025-05-28T12:12:55.550Z][info] API_CALL: GET /api/messages/maybe 
[2025-05-28T12:13:03.438Z][info] API_CALL: GET /api/messages 
[2025-05-28T12:13:03.441Z][info] API_CALL: GET /api/config/visible-fields 
[2025-05-28T12:13:07.847Z][info] API_CALL: GET /api/rules 
